E:\CODE\SPEEDLINKUP\SPEEDLINKUP\DEBUG\BLOCK.OBJ
E:\CODE\SPEEDLINKUP\SPEEDLINKUP\DEBUG\GAMEWINDOW.OBJ
E:\CODE\SPEEDLINKUP\SPEEDLINKUP\DEBUG\MAIN.OBJ
E:\CODE\SPEEDLINKUP\SPEEDLINKUP\DEBUG\VC110.PDB
E:\CODE\SPEEDLINKUP\DEBUG\SPEEDLINKUP.ILK
E:\CODE\SPEEDLINKUP\DEBUG\SPEEDLINKUP.EXE
E:\CODE\SPEEDLINKUP\DEBUG\SPEEDLINKUP.PDB
E:\code\SpeedLinkup\SpeedLinkup\Debug\Block.obj
E:\code\SpeedLinkup\SpeedLinkup\Debug\GameWindow.obj
E:\code\SpeedLinkup\SpeedLinkup\Debug\main.obj
E:\code\SpeedLinkup\SpeedLinkup\Debug\cl.command.1.tlog
E:\code\SpeedLinkup\SpeedLinkup\Debug\CL.read.1.tlog
E:\code\SpeedLinkup\SpeedLinkup\Debug\CL.write.1.tlog
E:\code\SpeedLinkup\SpeedLinkup\Debug\link-cvtres.read.1.tlog
E:\code\SpeedLinkup\SpeedLinkup\Debug\link-cvtres.write.1.tlog
E:\code\SpeedLinkup\SpeedLinkup\Debug\link-rc.read.1.tlog
E:\code\SpeedLinkup\SpeedLinkup\Debug\link-rc.write.1.tlog
E:\code\SpeedLinkup\SpeedLinkup\Debug\link.command.1.tlog
E:\code\SpeedLinkup\SpeedLinkup\Debug\link.read.1.tlog
E:\code\SpeedLinkup\SpeedLinkup\Debug\link.write.1.tlog
E:\code\SpeedLinkup\SpeedLinkup\Debug\vc110.idb
E:\code\SpeedLinkup\SpeedLinkup\Debug\vc110.pdb
E:\code\SpeedLinkup\Debug\SpeedLinkup.pdb
E:\code\SpeedLinkup\Debug\SpeedLinkup.exe
E:\code\SpeedLinkup\Debug\SpeedLinkup.ilk
